<?xml version="1.0" encoding="UTF-8"?>
<testng-results skipped="0" failed="0" ignored="0" total="1" passed="1">
  <reporter-output>
  </reporter-output>
  <suite name="Default suite" duration-ms="5617" started-at="2020-01-23T14:28:36Z" finished-at="2020-01-23T14:28:42Z">
    <groups>
    </groups>
    <test name="Default test" duration-ms="5617" started-at="2020-01-23T14:28:36Z" finished-at="2020-01-23T14:28:42Z">
      <class name="testcases.GoogleAPI">
        <test-method status="PASS" signature="getAddress()[pri:0, instance:testcases.GoogleAPI@d8355a8]" name="getAddress" duration-ms="5529" started-at="2020-01-23T14:28:36Z" finished-at="2020-01-23T14:28:42Z">
          <reporter-output>
          </reporter-output>
        </test-method> <!-- getAddress -->
      </class> <!-- testcases.GoogleAPI -->
    </test> <!-- Default test -->
  </suite> <!-- Default suite -->
</testng-results>
